Release 14.7 - xst P.20131013 (nt64)
Copyright (c) 1995-2013 Xilinx, Inc.  All rights reserved.
--> Parameter TMPDIR set to xst/projnav.tmp


Total REAL time to Xst completion: 0.00 secs
Total CPU time to Xst completion: 0.13 secs
 
--> Parameter xsthdpdir set to xst


Total REAL time to Xst completion: 0.00 secs
Total CPU time to Xst completion: 0.14 secs
 
--> Reading design: divBy3.prj

TABLE OF CONTENTS
  1) Synthesis Options Summary
  2) HDL Parsing
  3) HDL Elaboration
  4) HDL Synthesis
       4.1) HDL Synthesis Report
  5) Advanced HDL Synthesis
       5.1) Advanced HDL Synthesis Report
  6) Low Level Synthesis
  7) Partition Report
  8) Design Summary
       8.1) Primitive and Black Box Usage
       8.2) Device utilization summary
       8.3) Partition Resource Summary
       8.4) Timing Report
            8.4.1) Clock Information
            8.4.2) Asynchronous Control Signals Information
            8.4.3) Timing Summary
            8.4.4) Timing Details
            8.4.5) Cross Clock Domains Report


=========================================================================
*                      Synthesis Options Summary                        *
=========================================================================
---- Source Parameters
Input File Name                    : "divBy3.prj"
Ignore Synthesis Constraint File   : NO

---- Target Parameters
Output File Name                   : "divBy3"
Output Format                      : NGC
Target Device                      : xc6slx9-2-tqg144

---- Source Options
Top Module Name                    : divBy3
Automatic FSM Extraction           : YES
FSM Encoding Algorithm             : Auto
Safe Implementation                : No
FSM Style                          : LUT
RAM Extraction                     : Yes
RAM Style                          : Auto
ROM Extraction                     : Yes
Shift Register Extraction          : YES
ROM Style                          : Auto
Resource Sharing                   : YES
Asynchronous To Synchronous        : NO
Shift Register Minimum Size        : 2
Use DSP Block                      : Auto
Automatic Register Balancing       : No

---- Target Options
LUT Combining                      : Auto
Reduce Control Sets                : Auto
Add IO Buffers                     : YES
Global Maximum Fanout              : 100000
Add Generic Clock Buffer(BUFG)     : 16
Register Duplication               : YES
Optimize Instantiated Primitives   : NO
Use Clock Enable                   : Auto
Use Synchronous Set                : Auto
Use Synchronous Reset              : Auto
Pack IO Registers into IOBs        : Auto
Equivalent register Removal        : YES

---- General Options
Optimization Goal                  : Speed
Optimization Effort                : 1
Power Reduction                    : NO
Keep Hierarchy                     : No
Netlist Hierarchy                  : As_Optimized
RTL Output                         : Yes
Global Optimization                : AllClockNets
Read Cores                         : YES
Write Timing Constraints           : NO
Cross Clock Analysis               : NO
Hierarchy Separator                : /
Bus Delimiter                      : <>
Case Specifier                     : Maintain
Slice Utilization Ratio            : 100
BRAM Utilization Ratio             : 100
DSP48 Utilization Ratio            : 100
Auto BRAM Packing                  : NO
Slice Utilization Ratio Delta      : 5

=========================================================================


=========================================================================
*                          HDL Parsing                                  *
=========================================================================
Parsing VHDL file "D:\fpga\sim8284\d_flipflop.vhd" into library work
Parsing entity <d_flipflop>.
Parsing architecture <Behavioral> of entity <d_flipflop>.
Parsing VHDL file "D:\fpga\sim8284\divBy3.vhd" into library work
Parsing entity <divBy3>.
Parsing architecture <Behavioral> of entity <divby3>.

=========================================================================
*                            HDL Elaboration                            *
=========================================================================

Elaborating entity <divBy3> (architecture <Behavioral>) from library <work>.

Elaborating entity <d_flipflop> (architecture <Behavioral>) from library <work>.
WARNING:HDLCompiler:92 - "D:\fpga\sim8284\d_flipflop.vhd" Line 27: reset should be on the sensitivity list of the process

=========================================================================
*                           HDL Synthesis                               *
=========================================================================

Synthesizing Unit <divBy3>.
    Related source file is "D:\fpga\sim8284\divBy3.vhd".
    Summary:
	no macro.
Unit <divBy3> synthesized.

Synthesizing Unit <d_flipflop>.
    Related source file is "D:\fpga\sim8284\d_flipflop.vhd".
    Found 1-bit register for signal <q_reg>.
    Summary:
	inferred   1 D-type flip-flop(s).
Unit <d_flipflop> synthesized.

=========================================================================
HDL Synthesis Report

Macro Statistics
# Registers                                            : 2
 1-bit register                                        : 2

=========================================================================

=========================================================================
*                       Advanced HDL Synthesis                          *
=========================================================================


=========================================================================
Advanced HDL Synthesis Report

Macro Statistics
# Registers                                            : 2
 Flip-Flops                                            : 2

=========================================================================

=========================================================================
*                         Low Level Synthesis                           *
=========================================================================

Optimizing unit <divBy3> ...

Mapping all equations...
Building and optimizing final netlist ...
Found area constraint ratio of 100 (+ 5) on block divBy3, actual ratio is 0.

Final Macro Processing ...

=========================================================================
Final Register Report

Macro Statistics
# Registers                                            : 2
 Flip-Flops                                            : 2

=========================================================================

=========================================================================
*                           Partition Report                            *
=========================================================================

Partition Implementation Status
-------------------------------

  No Partitions were found in this design.

-------------------------------

=========================================================================
*                            Design Summary                             *
=========================================================================

Top Level Output File Name         : divBy3.ngc

Primitive and Black Box Usage:
------------------------------
# BELS                             : 2
#      LUT2                        : 1
#      LUT3                        : 1
# FlipFlops/Latches                : 2
#      FDC                         : 2
# Clock Buffers                    : 1
#      BUFG                        : 1
# IO Buffers                       : 3
#      IBUF                        : 2
#      OBUF                        : 1

Device utilization summary:
---------------------------

Selected Device : 6slx9tqg144-2 


Slice Logic Utilization: 
 Number of Slice Registers:               2  out of  11440     0%  
 Number of Slice LUTs:                    2  out of   5720     0%  
    Number used as Logic:                 2  out of   5720     0%  

Slice Logic Distribution: 
 Number of LUT Flip Flop pairs used:      4
   Number with an unused Flip Flop:       2  out of      4    50%  
   Number with an unused LUT:             2  out of      4    50%  
   Number of fully used LUT-FF pairs:     0  out of      4     0%  
   Number of unique control sets:         1

IO Utilization: 
 Number of IOs:                           3
 Number of bonded IOBs:                   3  out of    102     2%  

Specific Feature Utilization:
 Number of BUFG/BUFGCTRLs:                1  out of     16     6%  

---------------------------
Partition Resource Summary:
---------------------------

  No Partitions were found in this design.

---------------------------


=========================================================================
Timing Report

NOTE: THESE TIMING NUMBERS ARE ONLY A SYNTHESIS ESTIMATE.
      FOR ACCURATE TIMING INFORMATION PLEASE REFER TO THE TRACE REPORT
      GENERATED AFTER PLACE-and-ROUTE.

Clock Information:
------------------
-----------------------------------+------------------------+-------+
Clock Signal                       | Clock buffer(FF name)  | Load  |
-----------------------------------+------------------------+-------+
clk_in                             | IBUF+BUFG              | 2     |
-----------------------------------+------------------------+-------+

Asynchronous Control Signals Information:
----------------------------------------
No asynchronous control signals found in this design

Timing Summary:
---------------
Speed Grade: -2

   Minimum period: 1.683ns (Maximum Frequency: 594.177MHz)
   Minimum input arrival time before clock: 2.512ns
   Maximum output required time after clock: 5.347ns
   Maximum combinational path delay: 5.961ns

Timing Details:
---------------
All values displayed in nanoseconds (ns)

=========================================================================
Timing constraint: Default period analysis for Clock 'clk_in'
  Clock period: 1.683ns (frequency: 594.177MHz)
  Total number of paths / destination ports: 3 / 2
-------------------------------------------------------------------------
Delay:               1.683ns (Levels of Logic = 1)
  Source:            Inst_d_flipflop2/q_reg (FF)
  Destination:       Inst_d_flipflop1/q_reg (FF)
  Source Clock:      clk_in rising
  Destination Clock: clk_in rising

  Data Path: Inst_d_flipflop2/q_reg to Inst_d_flipflop1/q_reg
                                Gate     Net
    Cell:in->out      fanout   Delay   Delay  Logical Name (Net Name)
    ----------------------------------------  ------------
     FDC:C->Q              2   0.525   0.834  Inst_d_flipflop2/q_reg (Inst_d_flipflop2/q_reg)
     LUT2:I0->O            1   0.250   0.000  wire11 (wire1)
     FDC:D                     0.074          Inst_d_flipflop1/q_reg
    ----------------------------------------
    Total                      1.683ns (0.849ns logic, 0.834ns route)
                                       (50.4% logic, 49.6% route)

=========================================================================
Timing constraint: Default OFFSET IN BEFORE for Clock 'clk_in'
  Total number of paths / destination ports: 2 / 2
-------------------------------------------------------------------------
Offset:              2.512ns (Levels of Logic = 1)
  Source:            reset (PAD)
  Destination:       Inst_d_flipflop2/q_reg (FF)
  Destination Clock: clk_in rising

  Data Path: reset to Inst_d_flipflop2/q_reg
                                Gate     Net
    Cell:in->out      fanout   Delay   Delay  Logical Name (Net Name)
    ----------------------------------------  ------------
     IBUF:I->O             2   1.328   0.725  reset_IBUF (reset_IBUF)
     FDC:CLR                   0.459          Inst_d_flipflop2/q_reg
    ----------------------------------------
    Total                      2.512ns (1.787ns logic, 0.725ns route)
                                       (71.1% logic, 28.9% route)

=========================================================================
Timing constraint: Default OFFSET OUT AFTER for Clock 'clk_in'
  Total number of paths / destination ports: 2 / 1
-------------------------------------------------------------------------
Offset:              5.347ns (Levels of Logic = 2)
  Source:            Inst_d_flipflop1/q_reg (FF)
  Destination:       clk_out (PAD)
  Source Clock:      clk_in rising

  Data Path: Inst_d_flipflop1/q_reg to clk_out
                                Gate     Net
    Cell:in->out      fanout   Delay   Delay  Logical Name (Net Name)
    ----------------------------------------  ------------
     FDC:C->Q              3   0.525   0.994  Inst_d_flipflop1/q_reg (Inst_d_flipflop1/q_reg)
     LUT3:I0->O            1   0.235   0.681  clk_out1 (clk_out_OBUF)
     OBUF:I->O                 2.912          clk_out_OBUF (clk_out)
    ----------------------------------------
    Total                      5.347ns (3.672ns logic, 1.675ns route)
                                       (68.7% logic, 31.3% route)

=========================================================================
Timing constraint: Default path analysis
  Total number of paths / destination ports: 1 / 1
-------------------------------------------------------------------------
Delay:               5.961ns (Levels of Logic = 3)
  Source:            clk_in (PAD)
  Destination:       clk_out (PAD)

  Data Path: clk_in to clk_out
                                Gate     Net
    Cell:in->out      fanout   Delay   Delay  Logical Name (Net Name)
    ----------------------------------------  ------------
     IBUF:I->O             1   1.328   0.790  clk_in_IBUF (clk_in_IBUF)
     LUT3:I1->O            1   0.250   0.681  clk_out1 (clk_out_OBUF)
     OBUF:I->O                 2.912          clk_out_OBUF (clk_out)
    ----------------------------------------
    Total                      5.961ns (4.490ns logic, 1.471ns route)
                                       (75.3% logic, 24.7% route)

=========================================================================

Cross Clock Domains Report:
--------------------------

Clock to Setup on destination clock clk_in
---------------+---------+---------+---------+---------+
               | Src:Rise| Src:Fall| Src:Rise| Src:Fall|
Source Clock   |Dest:Rise|Dest:Rise|Dest:Fall|Dest:Fall|
---------------+---------+---------+---------+---------+
clk_in         |    1.683|         |         |         |
---------------+---------+---------+---------+---------+

=========================================================================


Total REAL time to Xst completion: 7.00 secs
Total CPU time to Xst completion: 7.84 secs
 
--> 

Total memory usage is 4486396 kilobytes

Number of errors   :    0 (   0 filtered)
Number of warnings :    1 (   0 filtered)
Number of infos    :    0 (   0 filtered)

