Running: fuse.exe -relaunch -intstyle "ise" -incremental -lib "secureip" -o "D:/fpga/sim8284/divBy2_tb_isim_beh.exe" -prj "D:/fpga/sim8284/divBy2_tb_beh.prj" "work.divBy2_tb" 
ISim P.20131013 (signature 0x7708f090)
Number of CPUs detected in this system: 4
Turning on mult-threading, number of parallel sub-compilation jobs: 8 
Determining compilation order of HDL files
Parsing VHDL file "D:/fpga/sim8284/d_flipflop.vhd" into library work
Parsing VHDL file "D:/fpga/sim8284/divBy2.vhd" into library work
Parsing VHDL file "D:/fpga/sim8284/divBy2_tb.vhd" into library work
Starting static elaboration
Completed static elaboration
Compiling package standard
Compiling package std_logic_1164
Compiling architecture behavioral of entity d_flipflop [d_flipflop_default]
Compiling architecture behavioral of entity divBy2 [divby2_default]
Compiling architecture behavior of entity divby2_tb
Time Resolution for simulation is 1ps.
WARNING:Simulator - Unable to copy libPortabilityNOSH.dll to the simulation executable directory: boost::filesystem::copy_file: The system cannot find the path specified, "isim\divBy2_tb_isim_beh.exe.sim\libPortability.dll".
Compiled 7 VHDL Units
Built simulation executable D:/fpga/sim8284/divBy2_tb_isim_beh.exe
Fuse Memory Usage: 29996 KB
Fuse CPU Usage: 484 ms
